=/pretest.json
{
  _: [],
  f: [
    '/home/runner/work/exp-ordinary-differential-equation-system-of-ode-runge-kutta-method-4th-order-iitb/exp-ordinary-differential-equation-system-of-ode-runge-kutta-method-4th-order-iitb/experiment/pretest.json'
  ],
  files: [
    '/home/runner/work/exp-ordinary-differential-equation-system-of-ode-runge-kutta-method-4th-order-iitb/exp-ordinary-differential-equation-system-of-ode-runge-kutta-method-4th-order-iitb/experiment/pretest.json'
  ],
  c: 'assessment',
  contentTypes: 'assessment',
  'content-types': 'assessment',
  '$0': 'validate'
}
Validated true
=/posttest.json
{
  _: [],
  f: [
    '/home/runner/work/exp-ordinary-differential-equation-system-of-ode-runge-kutta-method-4th-order-iitb/exp-ordinary-differential-equation-system-of-ode-runge-kutta-method-4th-order-iitb/experiment/posttest.json'
  ],
  files: [
    '/home/runner/work/exp-ordinary-differential-equation-system-of-ode-runge-kutta-method-4th-order-iitb/exp-ordinary-differential-equation-system-of-ode-runge-kutta-method-4th-order-iitb/experiment/posttest.json'
  ],
  c: 'assessment',
  contentTypes: 'assessment',
  'content-types': 'assessment',
  '$0': 'validate'
}
Validated true
